CRITICAL - 2025-08-30 18:33:52 --> ErrorException: Undefined variable $u
[Method: GET, Route: list/]
in APPPATH\Controllers\Pages.php on line 19.
 1 APPPATH\Controllers\Pages.php(19): CodeIgniter\Debug\Exceptions->errorHandler(2, 'Undefined variable $u', 'D:\\POLBAN\\Semester 3\\PROJEK3\\mission-2\\mission-2-fawwaz\\app\\Controllers\\Pages.php', 19)
 2 SYSTEMPATH\CodeIgniter.php(933): App\Controllers\Pages->listmahasiswa()
 3 SYSTEMPATH\CodeIgniter.php(507): CodeIgniter\CodeIgniter->runController(Object(App\Controllers\Pages))
 4 SYSTEMPATH\CodeIgniter.php(354): CodeIgniter\CodeIgniter->handleRequest(null, Object(Config\Cache), false)
 5 SYSTEMPATH\Boot.php(363): CodeIgniter\CodeIgniter->run()
 6 SYSTEMPATH\Boot.php(68): CodeIgniter\Boot::runCodeIgniter(Object(CodeIgniter\CodeIgniter))
 7 FCPATH\index.php(59): CodeIgniter\Boot::bootWeb(Object(Config\Paths))
 8 SYSTEMPATH\rewrite.php(44): require_once('D:\\POLBAN\\Semester 3\\PROJEK3\\mission-2\\mission-2-fawwaz\\public\\index.php')
CRITICAL - 2025-08-30 18:33:55 --> ErrorException: Undefined variable $u
[Method: GET, Route: list/]
in APPPATH\Controllers\Pages.php on line 19.
 1 APPPATH\Controllers\Pages.php(19): CodeIgniter\Debug\Exceptions->errorHandler(2, 'Undefined variable $u', 'D:\\POLBAN\\Semester 3\\PROJEK3\\mission-2\\mission-2-fawwaz\\app\\Controllers\\Pages.php', 19)
 2 SYSTEMPATH\CodeIgniter.php(933): App\Controllers\Pages->listmahasiswa()
 3 SYSTEMPATH\CodeIgniter.php(507): CodeIgniter\CodeIgniter->runController(Object(App\Controllers\Pages))
 4 SYSTEMPATH\CodeIgniter.php(354): CodeIgniter\CodeIgniter->handleRequest(null, Object(Config\Cache), false)
 5 SYSTEMPATH\Boot.php(363): CodeIgniter\CodeIgniter->run()
 6 SYSTEMPATH\Boot.php(68): CodeIgniter\Boot::runCodeIgniter(Object(CodeIgniter\CodeIgniter))
 7 FCPATH\index.php(59): CodeIgniter\Boot::bootWeb(Object(Config\Paths))
 8 SYSTEMPATH\rewrite.php(44): require_once('D:\\POLBAN\\Semester 3\\PROJEK3\\mission-2\\mission-2-fawwaz\\public\\index.php')
CRITICAL - 2025-08-30 18:33:56 --> ErrorException: Undefined variable $u
[Method: GET, Route: list/]
in APPPATH\Controllers\Pages.php on line 19.
 1 APPPATH\Controllers\Pages.php(19): CodeIgniter\Debug\Exceptions->errorHandler(2, 'Undefined variable $u', 'D:\\POLBAN\\Semester 3\\PROJEK3\\mission-2\\mission-2-fawwaz\\app\\Controllers\\Pages.php', 19)
 2 SYSTEMPATH\CodeIgniter.php(933): App\Controllers\Pages->listmahasiswa()
 3 SYSTEMPATH\CodeIgniter.php(507): CodeIgniter\CodeIgniter->runController(Object(App\Controllers\Pages))
 4 SYSTEMPATH\CodeIgniter.php(354): CodeIgniter\CodeIgniter->handleRequest(null, Object(Config\Cache), false)
 5 SYSTEMPATH\Boot.php(363): CodeIgniter\CodeIgniter->run()
 6 SYSTEMPATH\Boot.php(68): CodeIgniter\Boot::runCodeIgniter(Object(CodeIgniter\CodeIgniter))
 7 FCPATH\index.php(59): CodeIgniter\Boot::bootWeb(Object(Config\Paths))
 8 SYSTEMPATH\rewrite.php(44): require_once('D:\\POLBAN\\Semester 3\\PROJEK3\\mission-2\\mission-2-fawwaz\\public\\index.php')
CRITICAL - 2025-08-30 18:33:57 --> ErrorException: Undefined variable $u
[Method: GET, Route: list/]
in APPPATH\Controllers\Pages.php on line 19.
 1 APPPATH\Controllers\Pages.php(19): CodeIgniter\Debug\Exceptions->errorHandler(2, 'Undefined variable $u', 'D:\\POLBAN\\Semester 3\\PROJEK3\\mission-2\\mission-2-fawwaz\\app\\Controllers\\Pages.php', 19)
 2 SYSTEMPATH\CodeIgniter.php(933): App\Controllers\Pages->listmahasiswa()
 3 SYSTEMPATH\CodeIgniter.php(507): CodeIgniter\CodeIgniter->runController(Object(App\Controllers\Pages))
 4 SYSTEMPATH\CodeIgniter.php(354): CodeIgniter\CodeIgniter->handleRequest(null, Object(Config\Cache), false)
 5 SYSTEMPATH\Boot.php(363): CodeIgniter\CodeIgniter->run()
 6 SYSTEMPATH\Boot.php(68): CodeIgniter\Boot::runCodeIgniter(Object(CodeIgniter\CodeIgniter))
 7 FCPATH\index.php(59): CodeIgniter\Boot::bootWeb(Object(Config\Paths))
 8 SYSTEMPATH\rewrite.php(44): require_once('D:\\POLBAN\\Semester 3\\PROJEK3\\mission-2\\mission-2-fawwaz\\public\\index.php')
CRITICAL - 2025-08-30 18:34:39 --> ErrorException: Undefined variable $u
[Method: GET, Route: list/]
in APPPATH\Controllers\Pages.php on line 20.
 1 APPPATH\Controllers\Pages.php(20): CodeIgniter\Debug\Exceptions->errorHandler(2, 'Undefined variable $u', 'D:\\POLBAN\\Semester 3\\PROJEK3\\mission-2\\mission-2-fawwaz\\app\\Controllers\\Pages.php', 20)
 2 SYSTEMPATH\CodeIgniter.php(933): App\Controllers\Pages->listmahasiswa()
 3 SYSTEMPATH\CodeIgniter.php(507): CodeIgniter\CodeIgniter->runController(Object(App\Controllers\Pages))
 4 SYSTEMPATH\CodeIgniter.php(354): CodeIgniter\CodeIgniter->handleRequest(null, Object(Config\Cache), false)
 5 SYSTEMPATH\Boot.php(363): CodeIgniter\CodeIgniter->run()
 6 SYSTEMPATH\Boot.php(68): CodeIgniter\Boot::runCodeIgniter(Object(CodeIgniter\CodeIgniter))
 7 FCPATH\index.php(59): CodeIgniter\Boot::bootWeb(Object(Config\Paths))
 8 SYSTEMPATH\rewrite.php(44): require_once('D:\\POLBAN\\Semester 3\\PROJEK3\\mission-2\\mission-2-fawwaz\\public\\index.php')
CRITICAL - 2025-08-30 18:34:40 --> ErrorException: Undefined variable $u
[Method: GET, Route: list/]
in APPPATH\Controllers\Pages.php on line 20.
 1 APPPATH\Controllers\Pages.php(20): CodeIgniter\Debug\Exceptions->errorHandler(2, 'Undefined variable $u', 'D:\\POLBAN\\Semester 3\\PROJEK3\\mission-2\\mission-2-fawwaz\\app\\Controllers\\Pages.php', 20)
 2 SYSTEMPATH\CodeIgniter.php(933): App\Controllers\Pages->listmahasiswa()
 3 SYSTEMPATH\CodeIgniter.php(507): CodeIgniter\CodeIgniter->runController(Object(App\Controllers\Pages))
 4 SYSTEMPATH\CodeIgniter.php(354): CodeIgniter\CodeIgniter->handleRequest(null, Object(Config\Cache), false)
 5 SYSTEMPATH\Boot.php(363): CodeIgniter\CodeIgniter->run()
 6 SYSTEMPATH\Boot.php(68): CodeIgniter\Boot::runCodeIgniter(Object(CodeIgniter\CodeIgniter))
 7 FCPATH\index.php(59): CodeIgniter\Boot::bootWeb(Object(Config\Paths))
 8 SYSTEMPATH\rewrite.php(44): require_once('D:\\POLBAN\\Semester 3\\PROJEK3\\mission-2\\mission-2-fawwaz\\public\\index.php')
CRITICAL - 2025-08-30 18:40:38 --> ErrorException: Undefined variable $u
[Method: GET, Route: list]
in APPPATH\Controllers\Pages.php on line 20.
 1 APPPATH\Controllers\Pages.php(20): CodeIgniter\Debug\Exceptions->errorHandler(2, 'Undefined variable $u', 'D:\\POLBAN\\Semester 3\\PROJEK3\\mission-2\\mission-2-fawwaz\\app\\Controllers\\Pages.php', 20)
 2 SYSTEMPATH\CodeIgniter.php(933): App\Controllers\Pages->paramahasiswa()
 3 SYSTEMPATH\CodeIgniter.php(507): CodeIgniter\CodeIgniter->runController(Object(App\Controllers\Pages))
 4 SYSTEMPATH\CodeIgniter.php(354): CodeIgniter\CodeIgniter->handleRequest(null, Object(Config\Cache), false)
 5 SYSTEMPATH\Boot.php(363): CodeIgniter\CodeIgniter->run()
 6 SYSTEMPATH\Boot.php(68): CodeIgniter\Boot::runCodeIgniter(Object(CodeIgniter\CodeIgniter))
 7 FCPATH\index.php(59): CodeIgniter\Boot::bootWeb(Object(Config\Paths))
 8 SYSTEMPATH\rewrite.php(44): require_once('D:\\POLBAN\\Semester 3\\PROJEK3\\mission-2\\mission-2-fawwaz\\public\\index.php')
CRITICAL - 2025-08-30 18:40:41 --> ErrorException: Undefined variable $u
[Method: GET, Route: list]
in APPPATH\Controllers\Pages.php on line 20.
 1 APPPATH\Controllers\Pages.php(20): CodeIgniter\Debug\Exceptions->errorHandler(2, 'Undefined variable $u', 'D:\\POLBAN\\Semester 3\\PROJEK3\\mission-2\\mission-2-fawwaz\\app\\Controllers\\Pages.php', 20)
 2 SYSTEMPATH\CodeIgniter.php(933): App\Controllers\Pages->paramahasiswa()
 3 SYSTEMPATH\CodeIgniter.php(507): CodeIgniter\CodeIgniter->runController(Object(App\Controllers\Pages))
 4 SYSTEMPATH\CodeIgniter.php(354): CodeIgniter\CodeIgniter->handleRequest(null, Object(Config\Cache), false)
 5 SYSTEMPATH\Boot.php(363): CodeIgniter\CodeIgniter->run()
 6 SYSTEMPATH\Boot.php(68): CodeIgniter\Boot::runCodeIgniter(Object(CodeIgniter\CodeIgniter))
 7 FCPATH\index.php(59): CodeIgniter\Boot::bootWeb(Object(Config\Paths))
 8 SYSTEMPATH\rewrite.php(44): require_once('D:\\POLBAN\\Semester 3\\PROJEK3\\mission-2\\mission-2-fawwaz\\public\\index.php')
CRITICAL - 2025-08-30 18:40:41 --> ErrorException: Undefined variable $u
[Method: GET, Route: list]
in APPPATH\Controllers\Pages.php on line 20.
 1 APPPATH\Controllers\Pages.php(20): CodeIgniter\Debug\Exceptions->errorHandler(2, 'Undefined variable $u', 'D:\\POLBAN\\Semester 3\\PROJEK3\\mission-2\\mission-2-fawwaz\\app\\Controllers\\Pages.php', 20)
 2 SYSTEMPATH\CodeIgniter.php(933): App\Controllers\Pages->paramahasiswa()
 3 SYSTEMPATH\CodeIgniter.php(507): CodeIgniter\CodeIgniter->runController(Object(App\Controllers\Pages))
 4 SYSTEMPATH\CodeIgniter.php(354): CodeIgniter\CodeIgniter->handleRequest(null, Object(Config\Cache), false)
 5 SYSTEMPATH\Boot.php(363): CodeIgniter\CodeIgniter->run()
 6 SYSTEMPATH\Boot.php(68): CodeIgniter\Boot::runCodeIgniter(Object(CodeIgniter\CodeIgniter))
 7 FCPATH\index.php(59): CodeIgniter\Boot::bootWeb(Object(Config\Paths))
 8 SYSTEMPATH\rewrite.php(44): require_once('D:\\POLBAN\\Semester 3\\PROJEK3\\mission-2\\mission-2-fawwaz\\public\\index.php')
CRITICAL - 2025-08-30 18:42:20 --> ErrorException: Undefined variable $u
[Method: GET, Route: list]
in APPPATH\Controllers\Pages.php on line 20.
 1 APPPATH\Controllers\Pages.php(20): CodeIgniter\Debug\Exceptions->errorHandler(2, 'Undefined variable $u', 'D:\\POLBAN\\Semester 3\\PROJEK3\\mission-2\\mission-2-fawwaz\\app\\Controllers\\Pages.php', 20)
 2 SYSTEMPATH\CodeIgniter.php(933): App\Controllers\Pages->paramahasiswa()
 3 SYSTEMPATH\CodeIgniter.php(507): CodeIgniter\CodeIgniter->runController(Object(App\Controllers\Pages))
 4 SYSTEMPATH\CodeIgniter.php(354): CodeIgniter\CodeIgniter->handleRequest(null, Object(Config\Cache), false)
 5 SYSTEMPATH\Boot.php(363): CodeIgniter\CodeIgniter->run()
 6 SYSTEMPATH\Boot.php(68): CodeIgniter\Boot::runCodeIgniter(Object(CodeIgniter\CodeIgniter))
 7 FCPATH\index.php(59): CodeIgniter\Boot::bootWeb(Object(Config\Paths))
 8 SYSTEMPATH\rewrite.php(44): require_once('D:\\POLBAN\\Semester 3\\PROJEK3\\mission-2\\mission-2-fawwaz\\public\\index.php')
CRITICAL - 2025-08-30 18:43:03 --> ErrorException: Undefined variable $u
[Method: GET, Route: list]
in APPPATH\Controllers\Pages.php on line 20.
 1 APPPATH\Controllers\Pages.php(20): CodeIgniter\Debug\Exceptions->errorHandler(2, 'Undefined variable $u', 'D:\\POLBAN\\Semester 3\\PROJEK3\\mission-2\\mission-2-fawwaz\\app\\Controllers\\Pages.php', 20)
 2 SYSTEMPATH\CodeIgniter.php(933): App\Controllers\Pages->paramahasiswa()
 3 SYSTEMPATH\CodeIgniter.php(507): CodeIgniter\CodeIgniter->runController(Object(App\Controllers\Pages))
 4 SYSTEMPATH\CodeIgniter.php(354): CodeIgniter\CodeIgniter->handleRequest(null, Object(Config\Cache), false)
 5 SYSTEMPATH\Boot.php(363): CodeIgniter\CodeIgniter->run()
 6 SYSTEMPATH\Boot.php(68): CodeIgniter\Boot::runCodeIgniter(Object(CodeIgniter\CodeIgniter))
 7 FCPATH\index.php(59): CodeIgniter\Boot::bootWeb(Object(Config\Paths))
 8 SYSTEMPATH\rewrite.php(44): require_once('D:\\POLBAN\\Semester 3\\PROJEK3\\mission-2\\mission-2-fawwaz\\public\\index.php')
ERROR - 2025-08-30 19:06:02 --> mysqli_sql_exception: Table 'mahasiswa.users' doesn't exist in D:\POLBAN\Semester 3\PROJEK3\mission-2\mission-2-fawwaz\vendor\codeigniter4\framework\system\Database\MySQLi\Connection.php:327
Stack trace:
#0 D:\POLBAN\Semester 3\PROJEK3\mission-2\mission-2-fawwaz\vendor\codeigniter4\framework\system\Database\MySQLi\Connection.php(327): mysqli->query('SELECT * FROM u...', 0)
#1 D:\POLBAN\Semester 3\PROJEK3\mission-2\mission-2-fawwaz\vendor\codeigniter4\framework\system\Database\BaseConnection.php(729): CodeIgniter\Database\MySQLi\Connection->execute('SELECT * FROM u...')
#2 D:\POLBAN\Semester 3\PROJEK3\mission-2\mission-2-fawwaz\vendor\codeigniter4\framework\system\Database\BaseConnection.php(646): CodeIgniter\Database\BaseConnection->simpleQuery('SELECT * FROM u...')
#3 D:\POLBAN\Semester 3\PROJEK3\mission-2\mission-2-fawwaz\app\Controllers\Pages.php(49): CodeIgniter\Database\BaseConnection->query('SELECT * FROM u...')
#4 D:\POLBAN\Semester 3\PROJEK3\mission-2\mission-2-fawwaz\vendor\codeigniter4\framework\system\CodeIgniter.php(933): App\Controllers\Pages->listMahasiswaDB()
#5 D:\POLBAN\Semester 3\PROJEK3\mission-2\mission-2-fawwaz\vendor\codeigniter4\framework\system\CodeIgniter.php(507): CodeIgniter\CodeIgniter->runController(Object(App\Controllers\Pages))
#6 D:\POLBAN\Semester 3\PROJEK3\mission-2\mission-2-fawwaz\vendor\codeigniter4\framework\system\CodeIgniter.php(354): CodeIgniter\CodeIgniter->handleRequest(NULL, Object(Config\Cache), false)
#7 D:\POLBAN\Semester 3\PROJEK3\mission-2\mission-2-fawwaz\vendor\codeigniter4\framework\system\Boot.php(363): CodeIgniter\CodeIgniter->run()
#8 D:\POLBAN\Semester 3\PROJEK3\mission-2\mission-2-fawwaz\vendor\codeigniter4\framework\system\Boot.php(68): CodeIgniter\Boot::runCodeIgniter(Object(CodeIgniter\CodeIgniter))
#9 D:\POLBAN\Semester 3\PROJEK3\mission-2\mission-2-fawwaz\public\index.php(59): CodeIgniter\Boot::bootWeb(Object(Config\Paths))
#10 D:\POLBAN\Semester 3\PROJEK3\mission-2\mission-2-fawwaz\vendor\codeigniter4\framework\system\rewrite.php(44): require_once('D:\\POLBAN\\Semes...')
#11 {main}
CRITICAL - 2025-08-30 19:06:02 --> CodeIgniter\Database\Exceptions\DatabaseException: Table 'mahasiswa.users' doesn't exist
[Method: GET, Route: listmahasiswa]
in SYSTEMPATH\Database\BaseConnection.php on line 684.
 1 APPPATH\Controllers\Pages.php(49): CodeIgniter\Database\BaseConnection->query('SELECT * FROM users')
 2 SYSTEMPATH\CodeIgniter.php(933): App\Controllers\Pages->listMahasiswaDB()
 3 SYSTEMPATH\CodeIgniter.php(507): CodeIgniter\CodeIgniter->runController(Object(App\Controllers\Pages))
 4 SYSTEMPATH\CodeIgniter.php(354): CodeIgniter\CodeIgniter->handleRequest(null, Object(Config\Cache), false)
 5 SYSTEMPATH\Boot.php(363): CodeIgniter\CodeIgniter->run()
 6 SYSTEMPATH\Boot.php(68): CodeIgniter\Boot::runCodeIgniter(Object(CodeIgniter\CodeIgniter))
 7 FCPATH\index.php(59): CodeIgniter\Boot::bootWeb(Object(Config\Paths))
 8 SYSTEMPATH\rewrite.php(44): require_once('D:\\POLBAN\\Semester 3\\PROJEK3\\mission-2\\mission-2-fawwaz\\public\\index.php')
CRITICAL - 2025-08-30 19:06:02 --> [Caused by] CodeIgniter\Database\Exceptions\DatabaseException: Table 'mahasiswa.users' doesn't exist
in SYSTEMPATH\Database\MySQLi\Connection.php on line 332.
 1 SYSTEMPATH\Database\BaseConnection.php(729): CodeIgniter\Database\MySQLi\Connection->execute('SELECT * FROM users')
 2 SYSTEMPATH\Database\BaseConnection.php(646): CodeIgniter\Database\BaseConnection->simpleQuery('SELECT * FROM users')
 3 APPPATH\Controllers\Pages.php(49): CodeIgniter\Database\BaseConnection->query('SELECT * FROM users')
 4 SYSTEMPATH\CodeIgniter.php(933): App\Controllers\Pages->listMahasiswaDB()
 5 SYSTEMPATH\CodeIgniter.php(507): CodeIgniter\CodeIgniter->runController(Object(App\Controllers\Pages))
 6 SYSTEMPATH\CodeIgniter.php(354): CodeIgniter\CodeIgniter->handleRequest(null, Object(Config\Cache), false)
 7 SYSTEMPATH\Boot.php(363): CodeIgniter\CodeIgniter->run()
 8 SYSTEMPATH\Boot.php(68): CodeIgniter\Boot::runCodeIgniter(Object(CodeIgniter\CodeIgniter))
 9 FCPATH\index.php(59): CodeIgniter\Boot::bootWeb(Object(Config\Paths))
10 SYSTEMPATH\rewrite.php(44): require_once('D:\\POLBAN\\Semester 3\\PROJEK3\\mission-2\\mission-2-fawwaz\\public\\index.php')
CRITICAL - 2025-08-30 19:06:02 --> [Caused by] mysqli_sql_exception: Table 'mahasiswa.users' doesn't exist
in SYSTEMPATH\Database\MySQLi\Connection.php on line 327.
 1 SYSTEMPATH\Database\MySQLi\Connection.php(327): mysqli->query('SELECT * FROM users', 0)
 2 SYSTEMPATH\Database\BaseConnection.php(729): CodeIgniter\Database\MySQLi\Connection->execute('SELECT * FROM users')
 3 SYSTEMPATH\Database\BaseConnection.php(646): CodeIgniter\Database\BaseConnection->simpleQuery('SELECT * FROM users')
 4 APPPATH\Controllers\Pages.php(49): CodeIgniter\Database\BaseConnection->query('SELECT * FROM users')
 5 SYSTEMPATH\CodeIgniter.php(933): App\Controllers\Pages->listMahasiswaDB()
 6 SYSTEMPATH\CodeIgniter.php(507): CodeIgniter\CodeIgniter->runController(Object(App\Controllers\Pages))
 7 SYSTEMPATH\CodeIgniter.php(354): CodeIgniter\CodeIgniter->handleRequest(null, Object(Config\Cache), false)
 8 SYSTEMPATH\Boot.php(363): CodeIgniter\CodeIgniter->run()
 9 SYSTEMPATH\Boot.php(68): CodeIgniter\Boot::runCodeIgniter(Object(CodeIgniter\CodeIgniter))
10 FCPATH\index.php(59): CodeIgniter\Boot::bootWeb(Object(Config\Paths))
11 SYSTEMPATH\rewrite.php(44): require_once('D:\\POLBAN\\Semester 3\\PROJEK3\\mission-2\\mission-2-fawwaz\\public\\index.php')
ERROR - 2025-08-30 19:06:05 --> mysqli_sql_exception: Table 'mahasiswa.users' doesn't exist in D:\POLBAN\Semester 3\PROJEK3\mission-2\mission-2-fawwaz\vendor\codeigniter4\framework\system\Database\MySQLi\Connection.php:327
Stack trace:
#0 D:\POLBAN\Semester 3\PROJEK3\mission-2\mission-2-fawwaz\vendor\codeigniter4\framework\system\Database\MySQLi\Connection.php(327): mysqli->query('SELECT * FROM u...', 0)
#1 D:\POLBAN\Semester 3\PROJEK3\mission-2\mission-2-fawwaz\vendor\codeigniter4\framework\system\Database\BaseConnection.php(729): CodeIgniter\Database\MySQLi\Connection->execute('SELECT * FROM u...')
#2 D:\POLBAN\Semester 3\PROJEK3\mission-2\mission-2-fawwaz\vendor\codeigniter4\framework\system\Database\BaseConnection.php(646): CodeIgniter\Database\BaseConnection->simpleQuery('SELECT * FROM u...')
#3 D:\POLBAN\Semester 3\PROJEK3\mission-2\mission-2-fawwaz\app\Controllers\Pages.php(49): CodeIgniter\Database\BaseConnection->query('SELECT * FROM u...')
#4 D:\POLBAN\Semester 3\PROJEK3\mission-2\mission-2-fawwaz\vendor\codeigniter4\framework\system\CodeIgniter.php(933): App\Controllers\Pages->listMahasiswaDB()
#5 D:\POLBAN\Semester 3\PROJEK3\mission-2\mission-2-fawwaz\vendor\codeigniter4\framework\system\CodeIgniter.php(507): CodeIgniter\CodeIgniter->runController(Object(App\Controllers\Pages))
#6 D:\POLBAN\Semester 3\PROJEK3\mission-2\mission-2-fawwaz\vendor\codeigniter4\framework\system\CodeIgniter.php(354): CodeIgniter\CodeIgniter->handleRequest(NULL, Object(Config\Cache), false)
#7 D:\POLBAN\Semester 3\PROJEK3\mission-2\mission-2-fawwaz\vendor\codeigniter4\framework\system\Boot.php(363): CodeIgniter\CodeIgniter->run()
#8 D:\POLBAN\Semester 3\PROJEK3\mission-2\mission-2-fawwaz\vendor\codeigniter4\framework\system\Boot.php(68): CodeIgniter\Boot::runCodeIgniter(Object(CodeIgniter\CodeIgniter))
#9 D:\POLBAN\Semester 3\PROJEK3\mission-2\mission-2-fawwaz\public\index.php(59): CodeIgniter\Boot::bootWeb(Object(Config\Paths))
#10 D:\POLBAN\Semester 3\PROJEK3\mission-2\mission-2-fawwaz\vendor\codeigniter4\framework\system\rewrite.php(44): require_once('D:\\POLBAN\\Semes...')
#11 {main}
CRITICAL - 2025-08-30 19:06:05 --> CodeIgniter\Database\Exceptions\DatabaseException: Table 'mahasiswa.users' doesn't exist
[Method: GET, Route: listmahasiswa]
in SYSTEMPATH\Database\BaseConnection.php on line 684.
 1 APPPATH\Controllers\Pages.php(49): CodeIgniter\Database\BaseConnection->query('SELECT * FROM users')
 2 SYSTEMPATH\CodeIgniter.php(933): App\Controllers\Pages->listMahasiswaDB()
 3 SYSTEMPATH\CodeIgniter.php(507): CodeIgniter\CodeIgniter->runController(Object(App\Controllers\Pages))
 4 SYSTEMPATH\CodeIgniter.php(354): CodeIgniter\CodeIgniter->handleRequest(null, Object(Config\Cache), false)
 5 SYSTEMPATH\Boot.php(363): CodeIgniter\CodeIgniter->run()
 6 SYSTEMPATH\Boot.php(68): CodeIgniter\Boot::runCodeIgniter(Object(CodeIgniter\CodeIgniter))
 7 FCPATH\index.php(59): CodeIgniter\Boot::bootWeb(Object(Config\Paths))
 8 SYSTEMPATH\rewrite.php(44): require_once('D:\\POLBAN\\Semester 3\\PROJEK3\\mission-2\\mission-2-fawwaz\\public\\index.php')
CRITICAL - 2025-08-30 19:06:05 --> [Caused by] CodeIgniter\Database\Exceptions\DatabaseException: Table 'mahasiswa.users' doesn't exist
in SYSTEMPATH\Database\MySQLi\Connection.php on line 332.
 1 SYSTEMPATH\Database\BaseConnection.php(729): CodeIgniter\Database\MySQLi\Connection->execute('SELECT * FROM users')
 2 SYSTEMPATH\Database\BaseConnection.php(646): CodeIgniter\Database\BaseConnection->simpleQuery('SELECT * FROM users')
 3 APPPATH\Controllers\Pages.php(49): CodeIgniter\Database\BaseConnection->query('SELECT * FROM users')
 4 SYSTEMPATH\CodeIgniter.php(933): App\Controllers\Pages->listMahasiswaDB()
 5 SYSTEMPATH\CodeIgniter.php(507): CodeIgniter\CodeIgniter->runController(Object(App\Controllers\Pages))
 6 SYSTEMPATH\CodeIgniter.php(354): CodeIgniter\CodeIgniter->handleRequest(null, Object(Config\Cache), false)
 7 SYSTEMPATH\Boot.php(363): CodeIgniter\CodeIgniter->run()
 8 SYSTEMPATH\Boot.php(68): CodeIgniter\Boot::runCodeIgniter(Object(CodeIgniter\CodeIgniter))
 9 FCPATH\index.php(59): CodeIgniter\Boot::bootWeb(Object(Config\Paths))
10 SYSTEMPATH\rewrite.php(44): require_once('D:\\POLBAN\\Semester 3\\PROJEK3\\mission-2\\mission-2-fawwaz\\public\\index.php')
CRITICAL - 2025-08-30 19:06:05 --> [Caused by] mysqli_sql_exception: Table 'mahasiswa.users' doesn't exist
in SYSTEMPATH\Database\MySQLi\Connection.php on line 327.
 1 SYSTEMPATH\Database\MySQLi\Connection.php(327): mysqli->query('SELECT * FROM users', 0)
 2 SYSTEMPATH\Database\BaseConnection.php(729): CodeIgniter\Database\MySQLi\Connection->execute('SELECT * FROM users')
 3 SYSTEMPATH\Database\BaseConnection.php(646): CodeIgniter\Database\BaseConnection->simpleQuery('SELECT * FROM users')
 4 APPPATH\Controllers\Pages.php(49): CodeIgniter\Database\BaseConnection->query('SELECT * FROM users')
 5 SYSTEMPATH\CodeIgniter.php(933): App\Controllers\Pages->listMahasiswaDB()
 6 SYSTEMPATH\CodeIgniter.php(507): CodeIgniter\CodeIgniter->runController(Object(App\Controllers\Pages))
 7 SYSTEMPATH\CodeIgniter.php(354): CodeIgniter\CodeIgniter->handleRequest(null, Object(Config\Cache), false)
 8 SYSTEMPATH\Boot.php(363): CodeIgniter\CodeIgniter->run()
 9 SYSTEMPATH\Boot.php(68): CodeIgniter\Boot::runCodeIgniter(Object(CodeIgniter\CodeIgniter))
10 FCPATH\index.php(59): CodeIgniter\Boot::bootWeb(Object(Config\Paths))
11 SYSTEMPATH\rewrite.php(44): require_once('D:\\POLBAN\\Semester 3\\PROJEK3\\mission-2\\mission-2-fawwaz\\public\\index.php')
ERROR - 2025-08-30 19:08:46 --> mysqli_sql_exception: Table 'mahasiswa.users' doesn't exist in D:\POLBAN\Semester 3\PROJEK3\mission-2\mission-2-fawwaz\vendor\codeigniter4\framework\system\Database\MySQLi\Connection.php:327
Stack trace:
#0 D:\POLBAN\Semester 3\PROJEK3\mission-2\mission-2-fawwaz\vendor\codeigniter4\framework\system\Database\MySQLi\Connection.php(327): mysqli->query('SELECT * FROM u...', 0)
#1 D:\POLBAN\Semester 3\PROJEK3\mission-2\mission-2-fawwaz\vendor\codeigniter4\framework\system\Database\BaseConnection.php(729): CodeIgniter\Database\MySQLi\Connection->execute('SELECT * FROM u...')
#2 D:\POLBAN\Semester 3\PROJEK3\mission-2\mission-2-fawwaz\vendor\codeigniter4\framework\system\Database\BaseConnection.php(646): CodeIgniter\Database\BaseConnection->simpleQuery('SELECT * FROM u...')
#3 D:\POLBAN\Semester 3\PROJEK3\mission-2\mission-2-fawwaz\app\Controllers\Pages.php(49): CodeIgniter\Database\BaseConnection->query('SELECT * FROM u...')
#4 D:\POLBAN\Semester 3\PROJEK3\mission-2\mission-2-fawwaz\vendor\codeigniter4\framework\system\CodeIgniter.php(933): App\Controllers\Pages->listMahasiswaDB()
#5 D:\POLBAN\Semester 3\PROJEK3\mission-2\mission-2-fawwaz\vendor\codeigniter4\framework\system\CodeIgniter.php(507): CodeIgniter\CodeIgniter->runController(Object(App\Controllers\Pages))
#6 D:\POLBAN\Semester 3\PROJEK3\mission-2\mission-2-fawwaz\vendor\codeigniter4\framework\system\CodeIgniter.php(354): CodeIgniter\CodeIgniter->handleRequest(NULL, Object(Config\Cache), false)
#7 D:\POLBAN\Semester 3\PROJEK3\mission-2\mission-2-fawwaz\vendor\codeigniter4\framework\system\Boot.php(363): CodeIgniter\CodeIgniter->run()
#8 D:\POLBAN\Semester 3\PROJEK3\mission-2\mission-2-fawwaz\vendor\codeigniter4\framework\system\Boot.php(68): CodeIgniter\Boot::runCodeIgniter(Object(CodeIgniter\CodeIgniter))
#9 D:\POLBAN\Semester 3\PROJEK3\mission-2\mission-2-fawwaz\public\index.php(59): CodeIgniter\Boot::bootWeb(Object(Config\Paths))
#10 D:\POLBAN\Semester 3\PROJEK3\mission-2\mission-2-fawwaz\vendor\codeigniter4\framework\system\rewrite.php(44): require_once('D:\\POLBAN\\Semes...')
#11 {main}
CRITICAL - 2025-08-30 19:08:46 --> CodeIgniter\Database\Exceptions\DatabaseException: Table 'mahasiswa.users' doesn't exist
[Method: GET, Route: listmahasiswa]
in SYSTEMPATH\Database\BaseConnection.php on line 684.
 1 APPPATH\Controllers\Pages.php(49): CodeIgniter\Database\BaseConnection->query('SELECT * FROM users')
 2 SYSTEMPATH\CodeIgniter.php(933): App\Controllers\Pages->listMahasiswaDB()
 3 SYSTEMPATH\CodeIgniter.php(507): CodeIgniter\CodeIgniter->runController(Object(App\Controllers\Pages))
 4 SYSTEMPATH\CodeIgniter.php(354): CodeIgniter\CodeIgniter->handleRequest(null, Object(Config\Cache), false)
 5 SYSTEMPATH\Boot.php(363): CodeIgniter\CodeIgniter->run()
 6 SYSTEMPATH\Boot.php(68): CodeIgniter\Boot::runCodeIgniter(Object(CodeIgniter\CodeIgniter))
 7 FCPATH\index.php(59): CodeIgniter\Boot::bootWeb(Object(Config\Paths))
 8 SYSTEMPATH\rewrite.php(44): require_once('D:\\POLBAN\\Semester 3\\PROJEK3\\mission-2\\mission-2-fawwaz\\public\\index.php')
CRITICAL - 2025-08-30 19:08:46 --> [Caused by] CodeIgniter\Database\Exceptions\DatabaseException: Table 'mahasiswa.users' doesn't exist
in SYSTEMPATH\Database\MySQLi\Connection.php on line 332.
 1 SYSTEMPATH\Database\BaseConnection.php(729): CodeIgniter\Database\MySQLi\Connection->execute('SELECT * FROM users')
 2 SYSTEMPATH\Database\BaseConnection.php(646): CodeIgniter\Database\BaseConnection->simpleQuery('SELECT * FROM users')
 3 APPPATH\Controllers\Pages.php(49): CodeIgniter\Database\BaseConnection->query('SELECT * FROM users')
 4 SYSTEMPATH\CodeIgniter.php(933): App\Controllers\Pages->listMahasiswaDB()
 5 SYSTEMPATH\CodeIgniter.php(507): CodeIgniter\CodeIgniter->runController(Object(App\Controllers\Pages))
 6 SYSTEMPATH\CodeIgniter.php(354): CodeIgniter\CodeIgniter->handleRequest(null, Object(Config\Cache), false)
 7 SYSTEMPATH\Boot.php(363): CodeIgniter\CodeIgniter->run()
 8 SYSTEMPATH\Boot.php(68): CodeIgniter\Boot::runCodeIgniter(Object(CodeIgniter\CodeIgniter))
 9 FCPATH\index.php(59): CodeIgniter\Boot::bootWeb(Object(Config\Paths))
10 SYSTEMPATH\rewrite.php(44): require_once('D:\\POLBAN\\Semester 3\\PROJEK3\\mission-2\\mission-2-fawwaz\\public\\index.php')
CRITICAL - 2025-08-30 19:08:46 --> [Caused by] mysqli_sql_exception: Table 'mahasiswa.users' doesn't exist
in SYSTEMPATH\Database\MySQLi\Connection.php on line 327.
 1 SYSTEMPATH\Database\MySQLi\Connection.php(327): mysqli->query('SELECT * FROM users', 0)
 2 SYSTEMPATH\Database\BaseConnection.php(729): CodeIgniter\Database\MySQLi\Connection->execute('SELECT * FROM users')
 3 SYSTEMPATH\Database\BaseConnection.php(646): CodeIgniter\Database\BaseConnection->simpleQuery('SELECT * FROM users')
 4 APPPATH\Controllers\Pages.php(49): CodeIgniter\Database\BaseConnection->query('SELECT * FROM users')
 5 SYSTEMPATH\CodeIgniter.php(933): App\Controllers\Pages->listMahasiswaDB()
 6 SYSTEMPATH\CodeIgniter.php(507): CodeIgniter\CodeIgniter->runController(Object(App\Controllers\Pages))
 7 SYSTEMPATH\CodeIgniter.php(354): CodeIgniter\CodeIgniter->handleRequest(null, Object(Config\Cache), false)
 8 SYSTEMPATH\Boot.php(363): CodeIgniter\CodeIgniter->run()
 9 SYSTEMPATH\Boot.php(68): CodeIgniter\Boot::runCodeIgniter(Object(CodeIgniter\CodeIgniter))
10 FCPATH\index.php(59): CodeIgniter\Boot::bootWeb(Object(Config\Paths))
11 SYSTEMPATH\rewrite.php(44): require_once('D:\\POLBAN\\Semester 3\\PROJEK3\\mission-2\\mission-2-fawwaz\\public\\index.php')
ERROR - 2025-08-30 19:08:48 --> mysqli_sql_exception: Table 'mahasiswa.users' doesn't exist in D:\POLBAN\Semester 3\PROJEK3\mission-2\mission-2-fawwaz\vendor\codeigniter4\framework\system\Database\MySQLi\Connection.php:327
Stack trace:
#0 D:\POLBAN\Semester 3\PROJEK3\mission-2\mission-2-fawwaz\vendor\codeigniter4\framework\system\Database\MySQLi\Connection.php(327): mysqli->query('SELECT * FROM u...', 0)
#1 D:\POLBAN\Semester 3\PROJEK3\mission-2\mission-2-fawwaz\vendor\codeigniter4\framework\system\Database\BaseConnection.php(729): CodeIgniter\Database\MySQLi\Connection->execute('SELECT * FROM u...')
#2 D:\POLBAN\Semester 3\PROJEK3\mission-2\mission-2-fawwaz\vendor\codeigniter4\framework\system\Database\BaseConnection.php(646): CodeIgniter\Database\BaseConnection->simpleQuery('SELECT * FROM u...')
#3 D:\POLBAN\Semester 3\PROJEK3\mission-2\mission-2-fawwaz\app\Controllers\Pages.php(49): CodeIgniter\Database\BaseConnection->query('SELECT * FROM u...')
#4 D:\POLBAN\Semester 3\PROJEK3\mission-2\mission-2-fawwaz\vendor\codeigniter4\framework\system\CodeIgniter.php(933): App\Controllers\Pages->listMahasiswaDB()
#5 D:\POLBAN\Semester 3\PROJEK3\mission-2\mission-2-fawwaz\vendor\codeigniter4\framework\system\CodeIgniter.php(507): CodeIgniter\CodeIgniter->runController(Object(App\Controllers\Pages))
#6 D:\POLBAN\Semester 3\PROJEK3\mission-2\mission-2-fawwaz\vendor\codeigniter4\framework\system\CodeIgniter.php(354): CodeIgniter\CodeIgniter->handleRequest(NULL, Object(Config\Cache), false)
#7 D:\POLBAN\Semester 3\PROJEK3\mission-2\mission-2-fawwaz\vendor\codeigniter4\framework\system\Boot.php(363): CodeIgniter\CodeIgniter->run()
#8 D:\POLBAN\Semester 3\PROJEK3\mission-2\mission-2-fawwaz\vendor\codeigniter4\framework\system\Boot.php(68): CodeIgniter\Boot::runCodeIgniter(Object(CodeIgniter\CodeIgniter))
#9 D:\POLBAN\Semester 3\PROJEK3\mission-2\mission-2-fawwaz\public\index.php(59): CodeIgniter\Boot::bootWeb(Object(Config\Paths))
#10 D:\POLBAN\Semester 3\PROJEK3\mission-2\mission-2-fawwaz\vendor\codeigniter4\framework\system\rewrite.php(44): require_once('D:\\POLBAN\\Semes...')
#11 {main}
CRITICAL - 2025-08-30 19:08:48 --> CodeIgniter\Database\Exceptions\DatabaseException: Table 'mahasiswa.users' doesn't exist
[Method: GET, Route: listmahasiswa]
in SYSTEMPATH\Database\BaseConnection.php on line 684.
 1 APPPATH\Controllers\Pages.php(49): CodeIgniter\Database\BaseConnection->query('SELECT * FROM users')
 2 SYSTEMPATH\CodeIgniter.php(933): App\Controllers\Pages->listMahasiswaDB()
 3 SYSTEMPATH\CodeIgniter.php(507): CodeIgniter\CodeIgniter->runController(Object(App\Controllers\Pages))
 4 SYSTEMPATH\CodeIgniter.php(354): CodeIgniter\CodeIgniter->handleRequest(null, Object(Config\Cache), false)
 5 SYSTEMPATH\Boot.php(363): CodeIgniter\CodeIgniter->run()
 6 SYSTEMPATH\Boot.php(68): CodeIgniter\Boot::runCodeIgniter(Object(CodeIgniter\CodeIgniter))
 7 FCPATH\index.php(59): CodeIgniter\Boot::bootWeb(Object(Config\Paths))
 8 SYSTEMPATH\rewrite.php(44): require_once('D:\\POLBAN\\Semester 3\\PROJEK3\\mission-2\\mission-2-fawwaz\\public\\index.php')
CRITICAL - 2025-08-30 19:08:48 --> [Caused by] CodeIgniter\Database\Exceptions\DatabaseException: Table 'mahasiswa.users' doesn't exist
in SYSTEMPATH\Database\MySQLi\Connection.php on line 332.
 1 SYSTEMPATH\Database\BaseConnection.php(729): CodeIgniter\Database\MySQLi\Connection->execute('SELECT * FROM users')
 2 SYSTEMPATH\Database\BaseConnection.php(646): CodeIgniter\Database\BaseConnection->simpleQuery('SELECT * FROM users')
 3 APPPATH\Controllers\Pages.php(49): CodeIgniter\Database\BaseConnection->query('SELECT * FROM users')
 4 SYSTEMPATH\CodeIgniter.php(933): App\Controllers\Pages->listMahasiswaDB()
 5 SYSTEMPATH\CodeIgniter.php(507): CodeIgniter\CodeIgniter->runController(Object(App\Controllers\Pages))
 6 SYSTEMPATH\CodeIgniter.php(354): CodeIgniter\CodeIgniter->handleRequest(null, Object(Config\Cache), false)
 7 SYSTEMPATH\Boot.php(363): CodeIgniter\CodeIgniter->run()
 8 SYSTEMPATH\Boot.php(68): CodeIgniter\Boot::runCodeIgniter(Object(CodeIgniter\CodeIgniter))
 9 FCPATH\index.php(59): CodeIgniter\Boot::bootWeb(Object(Config\Paths))
10 SYSTEMPATH\rewrite.php(44): require_once('D:\\POLBAN\\Semester 3\\PROJEK3\\mission-2\\mission-2-fawwaz\\public\\index.php')
CRITICAL - 2025-08-30 19:08:48 --> [Caused by] mysqli_sql_exception: Table 'mahasiswa.users' doesn't exist
in SYSTEMPATH\Database\MySQLi\Connection.php on line 327.
 1 SYSTEMPATH\Database\MySQLi\Connection.php(327): mysqli->query('SELECT * FROM users', 0)
 2 SYSTEMPATH\Database\BaseConnection.php(729): CodeIgniter\Database\MySQLi\Connection->execute('SELECT * FROM users')
 3 SYSTEMPATH\Database\BaseConnection.php(646): CodeIgniter\Database\BaseConnection->simpleQuery('SELECT * FROM users')
 4 APPPATH\Controllers\Pages.php(49): CodeIgniter\Database\BaseConnection->query('SELECT * FROM users')
 5 SYSTEMPATH\CodeIgniter.php(933): App\Controllers\Pages->listMahasiswaDB()
 6 SYSTEMPATH\CodeIgniter.php(507): CodeIgniter\CodeIgniter->runController(Object(App\Controllers\Pages))
 7 SYSTEMPATH\CodeIgniter.php(354): CodeIgniter\CodeIgniter->handleRequest(null, Object(Config\Cache), false)
 8 SYSTEMPATH\Boot.php(363): CodeIgniter\CodeIgniter->run()
 9 SYSTEMPATH\Boot.php(68): CodeIgniter\Boot::runCodeIgniter(Object(CodeIgniter\CodeIgniter))
10 FCPATH\index.php(59): CodeIgniter\Boot::bootWeb(Object(Config\Paths))
11 SYSTEMPATH\rewrite.php(44): require_once('D:\\POLBAN\\Semester 3\\PROJEK3\\mission-2\\mission-2-fawwaz\\public\\index.php')
ERROR - 2025-08-30 19:08:49 --> mysqli_sql_exception: Table 'mahasiswa.users' doesn't exist in D:\POLBAN\Semester 3\PROJEK3\mission-2\mission-2-fawwaz\vendor\codeigniter4\framework\system\Database\MySQLi\Connection.php:327
Stack trace:
#0 D:\POLBAN\Semester 3\PROJEK3\mission-2\mission-2-fawwaz\vendor\codeigniter4\framework\system\Database\MySQLi\Connection.php(327): mysqli->query('SELECT * FROM u...', 0)
#1 D:\POLBAN\Semester 3\PROJEK3\mission-2\mission-2-fawwaz\vendor\codeigniter4\framework\system\Database\BaseConnection.php(729): CodeIgniter\Database\MySQLi\Connection->execute('SELECT * FROM u...')
#2 D:\POLBAN\Semester 3\PROJEK3\mission-2\mission-2-fawwaz\vendor\codeigniter4\framework\system\Database\BaseConnection.php(646): CodeIgniter\Database\BaseConnection->simpleQuery('SELECT * FROM u...')
#3 D:\POLBAN\Semester 3\PROJEK3\mission-2\mission-2-fawwaz\app\Controllers\Pages.php(49): CodeIgniter\Database\BaseConnection->query('SELECT * FROM u...')
#4 D:\POLBAN\Semester 3\PROJEK3\mission-2\mission-2-fawwaz\vendor\codeigniter4\framework\system\CodeIgniter.php(933): App\Controllers\Pages->listMahasiswaDB()
#5 D:\POLBAN\Semester 3\PROJEK3\mission-2\mission-2-fawwaz\vendor\codeigniter4\framework\system\CodeIgniter.php(507): CodeIgniter\CodeIgniter->runController(Object(App\Controllers\Pages))
#6 D:\POLBAN\Semester 3\PROJEK3\mission-2\mission-2-fawwaz\vendor\codeigniter4\framework\system\CodeIgniter.php(354): CodeIgniter\CodeIgniter->handleRequest(NULL, Object(Config\Cache), false)
#7 D:\POLBAN\Semester 3\PROJEK3\mission-2\mission-2-fawwaz\vendor\codeigniter4\framework\system\Boot.php(363): CodeIgniter\CodeIgniter->run()
#8 D:\POLBAN\Semester 3\PROJEK3\mission-2\mission-2-fawwaz\vendor\codeigniter4\framework\system\Boot.php(68): CodeIgniter\Boot::runCodeIgniter(Object(CodeIgniter\CodeIgniter))
#9 D:\POLBAN\Semester 3\PROJEK3\mission-2\mission-2-fawwaz\public\index.php(59): CodeIgniter\Boot::bootWeb(Object(Config\Paths))
#10 D:\POLBAN\Semester 3\PROJEK3\mission-2\mission-2-fawwaz\vendor\codeigniter4\framework\system\rewrite.php(44): require_once('D:\\POLBAN\\Semes...')
#11 {main}
CRITICAL - 2025-08-30 19:08:49 --> CodeIgniter\Database\Exceptions\DatabaseException: Table 'mahasiswa.users' doesn't exist
[Method: GET, Route: listmahasiswa]
in SYSTEMPATH\Database\BaseConnection.php on line 684.
 1 APPPATH\Controllers\Pages.php(49): CodeIgniter\Database\BaseConnection->query('SELECT * FROM users')
 2 SYSTEMPATH\CodeIgniter.php(933): App\Controllers\Pages->listMahasiswaDB()
 3 SYSTEMPATH\CodeIgniter.php(507): CodeIgniter\CodeIgniter->runController(Object(App\Controllers\Pages))
 4 SYSTEMPATH\CodeIgniter.php(354): CodeIgniter\CodeIgniter->handleRequest(null, Object(Config\Cache), false)
 5 SYSTEMPATH\Boot.php(363): CodeIgniter\CodeIgniter->run()
 6 SYSTEMPATH\Boot.php(68): CodeIgniter\Boot::runCodeIgniter(Object(CodeIgniter\CodeIgniter))
 7 FCPATH\index.php(59): CodeIgniter\Boot::bootWeb(Object(Config\Paths))
 8 SYSTEMPATH\rewrite.php(44): require_once('D:\\POLBAN\\Semester 3\\PROJEK3\\mission-2\\mission-2-fawwaz\\public\\index.php')
CRITICAL - 2025-08-30 19:08:49 --> [Caused by] CodeIgniter\Database\Exceptions\DatabaseException: Table 'mahasiswa.users' doesn't exist
in SYSTEMPATH\Database\MySQLi\Connection.php on line 332.
 1 SYSTEMPATH\Database\BaseConnection.php(729): CodeIgniter\Database\MySQLi\Connection->execute('SELECT * FROM users')
 2 SYSTEMPATH\Database\BaseConnection.php(646): CodeIgniter\Database\BaseConnection->simpleQuery('SELECT * FROM users')
 3 APPPATH\Controllers\Pages.php(49): CodeIgniter\Database\BaseConnection->query('SELECT * FROM users')
 4 SYSTEMPATH\CodeIgniter.php(933): App\Controllers\Pages->listMahasiswaDB()
 5 SYSTEMPATH\CodeIgniter.php(507): CodeIgniter\CodeIgniter->runController(Object(App\Controllers\Pages))
 6 SYSTEMPATH\CodeIgniter.php(354): CodeIgniter\CodeIgniter->handleRequest(null, Object(Config\Cache), false)
 7 SYSTEMPATH\Boot.php(363): CodeIgniter\CodeIgniter->run()
 8 SYSTEMPATH\Boot.php(68): CodeIgniter\Boot::runCodeIgniter(Object(CodeIgniter\CodeIgniter))
 9 FCPATH\index.php(59): CodeIgniter\Boot::bootWeb(Object(Config\Paths))
10 SYSTEMPATH\rewrite.php(44): require_once('D:\\POLBAN\\Semester 3\\PROJEK3\\mission-2\\mission-2-fawwaz\\public\\index.php')
CRITICAL - 2025-08-30 19:08:49 --> [Caused by] mysqli_sql_exception: Table 'mahasiswa.users' doesn't exist
in SYSTEMPATH\Database\MySQLi\Connection.php on line 327.
 1 SYSTEMPATH\Database\MySQLi\Connection.php(327): mysqli->query('SELECT * FROM users', 0)
 2 SYSTEMPATH\Database\BaseConnection.php(729): CodeIgniter\Database\MySQLi\Connection->execute('SELECT * FROM users')
 3 SYSTEMPATH\Database\BaseConnection.php(646): CodeIgniter\Database\BaseConnection->simpleQuery('SELECT * FROM users')
 4 APPPATH\Controllers\Pages.php(49): CodeIgniter\Database\BaseConnection->query('SELECT * FROM users')
 5 SYSTEMPATH\CodeIgniter.php(933): App\Controllers\Pages->listMahasiswaDB()
 6 SYSTEMPATH\CodeIgniter.php(507): CodeIgniter\CodeIgniter->runController(Object(App\Controllers\Pages))
 7 SYSTEMPATH\CodeIgniter.php(354): CodeIgniter\CodeIgniter->handleRequest(null, Object(Config\Cache), false)
 8 SYSTEMPATH\Boot.php(363): CodeIgniter\CodeIgniter->run()
 9 SYSTEMPATH\Boot.php(68): CodeIgniter\Boot::runCodeIgniter(Object(CodeIgniter\CodeIgniter))
10 FCPATH\index.php(59): CodeIgniter\Boot::bootWeb(Object(Config\Paths))
11 SYSTEMPATH\rewrite.php(44): require_once('D:\\POLBAN\\Semester 3\\PROJEK3\\mission-2\\mission-2-fawwaz\\public\\index.php')
ERROR - 2025-08-30 19:24:01 --> mysqli_sql_exception: Table 'mahasiswa.users' doesn't exist in D:\POLBAN\Semester 3\PROJEK3\mission-2\mission-2-fawwaz\vendor\codeigniter4\framework\system\Database\MySQLi\Connection.php:327
Stack trace:
#0 D:\POLBAN\Semester 3\PROJEK3\mission-2\mission-2-fawwaz\vendor\codeigniter4\framework\system\Database\MySQLi\Connection.php(327): mysqli->query('SELECT * FROM u...', 0)
#1 D:\POLBAN\Semester 3\PROJEK3\mission-2\mission-2-fawwaz\vendor\codeigniter4\framework\system\Database\BaseConnection.php(729): CodeIgniter\Database\MySQLi\Connection->execute('SELECT * FROM u...')
#2 D:\POLBAN\Semester 3\PROJEK3\mission-2\mission-2-fawwaz\vendor\codeigniter4\framework\system\Database\BaseConnection.php(646): CodeIgniter\Database\BaseConnection->simpleQuery('SELECT * FROM u...')
#3 D:\POLBAN\Semester 3\PROJEK3\mission-2\mission-2-fawwaz\app\Controllers\Pages.php(62): CodeIgniter\Database\BaseConnection->query('SELECT * FROM u...', Array)
#4 D:\POLBAN\Semester 3\PROJEK3\mission-2\mission-2-fawwaz\vendor\codeigniter4\framework\system\CodeIgniter.php(933): App\Controllers\Pages->detailMahasiswa()
#5 D:\POLBAN\Semester 3\PROJEK3\mission-2\mission-2-fawwaz\vendor\codeigniter4\framework\system\CodeIgniter.php(507): CodeIgniter\CodeIgniter->runController(Object(App\Controllers\Pages))
#6 D:\POLBAN\Semester 3\PROJEK3\mission-2\mission-2-fawwaz\vendor\codeigniter4\framework\system\CodeIgniter.php(354): CodeIgniter\CodeIgniter->handleRequest(NULL, Object(Config\Cache), false)
#7 D:\POLBAN\Semester 3\PROJEK3\mission-2\mission-2-fawwaz\vendor\codeigniter4\framework\system\Boot.php(363): CodeIgniter\CodeIgniter->run()
#8 D:\POLBAN\Semester 3\PROJEK3\mission-2\mission-2-fawwaz\vendor\codeigniter4\framework\system\Boot.php(68): CodeIgniter\Boot::runCodeIgniter(Object(CodeIgniter\CodeIgniter))
#9 D:\POLBAN\Semester 3\PROJEK3\mission-2\mission-2-fawwaz\public\index.php(59): CodeIgniter\Boot::bootWeb(Object(Config\Paths))
#10 D:\POLBAN\Semester 3\PROJEK3\mission-2\mission-2-fawwaz\vendor\codeigniter4\framework\system\rewrite.php(44): require_once('D:\\POLBAN\\Semes...')
#11 {main}
CRITICAL - 2025-08-30 19:24:01 --> CodeIgniter\Database\Exceptions\DatabaseException: Table 'mahasiswa.users' doesn't exist
[Method: GET, Route: detail]
in SYSTEMPATH\Database\BaseConnection.php on line 684.
 1 APPPATH\Controllers\Pages.php(62): CodeIgniter\Database\BaseConnection->query('SELECT * FROM users WHERE nim = ?', [...])
 2 SYSTEMPATH\CodeIgniter.php(933): App\Controllers\Pages->detailMahasiswa()
 3 SYSTEMPATH\CodeIgniter.php(507): CodeIgniter\CodeIgniter->runController(Object(App\Controllers\Pages))
 4 SYSTEMPATH\CodeIgniter.php(354): CodeIgniter\CodeIgniter->handleRequest(null, Object(Config\Cache), false)
 5 SYSTEMPATH\Boot.php(363): CodeIgniter\CodeIgniter->run()
 6 SYSTEMPATH\Boot.php(68): CodeIgniter\Boot::runCodeIgniter(Object(CodeIgniter\CodeIgniter))
 7 FCPATH\index.php(59): CodeIgniter\Boot::bootWeb(Object(Config\Paths))
 8 SYSTEMPATH\rewrite.php(44): require_once('D:\\POLBAN\\Semester 3\\PROJEK3\\mission-2\\mission-2-fawwaz\\public\\index.php')
CRITICAL - 2025-08-30 19:24:01 --> [Caused by] CodeIgniter\Database\Exceptions\DatabaseException: Table 'mahasiswa.users' doesn't exist
in SYSTEMPATH\Database\MySQLi\Connection.php on line 332.
 1 SYSTEMPATH\Database\BaseConnection.php(729): CodeIgniter\Database\MySQLi\Connection->execute('SELECT * FROM users WHERE nim = NULL')
 2 SYSTEMPATH\Database\BaseConnection.php(646): CodeIgniter\Database\BaseConnection->simpleQuery('SELECT * FROM users WHERE nim = NULL')
 3 APPPATH\Controllers\Pages.php(62): CodeIgniter\Database\BaseConnection->query('SELECT * FROM users WHERE nim = ?', [...])
 4 SYSTEMPATH\CodeIgniter.php(933): App\Controllers\Pages->detailMahasiswa()
 5 SYSTEMPATH\CodeIgniter.php(507): CodeIgniter\CodeIgniter->runController(Object(App\Controllers\Pages))
 6 SYSTEMPATH\CodeIgniter.php(354): CodeIgniter\CodeIgniter->handleRequest(null, Object(Config\Cache), false)
 7 SYSTEMPATH\Boot.php(363): CodeIgniter\CodeIgniter->run()
 8 SYSTEMPATH\Boot.php(68): CodeIgniter\Boot::runCodeIgniter(Object(CodeIgniter\CodeIgniter))
 9 FCPATH\index.php(59): CodeIgniter\Boot::bootWeb(Object(Config\Paths))
10 SYSTEMPATH\rewrite.php(44): require_once('D:\\POLBAN\\Semester 3\\PROJEK3\\mission-2\\mission-2-fawwaz\\public\\index.php')
CRITICAL - 2025-08-30 19:24:01 --> [Caused by] mysqli_sql_exception: Table 'mahasiswa.users' doesn't exist
in SYSTEMPATH\Database\MySQLi\Connection.php on line 327.
 1 SYSTEMPATH\Database\MySQLi\Connection.php(327): mysqli->query('SELECT * FROM users WHERE nim = NULL', 0)
 2 SYSTEMPATH\Database\BaseConnection.php(729): CodeIgniter\Database\MySQLi\Connection->execute('SELECT * FROM users WHERE nim = NULL')
 3 SYSTEMPATH\Database\BaseConnection.php(646): CodeIgniter\Database\BaseConnection->simpleQuery('SELECT * FROM users WHERE nim = NULL')
 4 APPPATH\Controllers\Pages.php(62): CodeIgniter\Database\BaseConnection->query('SELECT * FROM users WHERE nim = ?', [...])
 5 SYSTEMPATH\CodeIgniter.php(933): App\Controllers\Pages->detailMahasiswa()
 6 SYSTEMPATH\CodeIgniter.php(507): CodeIgniter\CodeIgniter->runController(Object(App\Controllers\Pages))
 7 SYSTEMPATH\CodeIgniter.php(354): CodeIgniter\CodeIgniter->handleRequest(null, Object(Config\Cache), false)
 8 SYSTEMPATH\Boot.php(363): CodeIgniter\CodeIgniter->run()
 9 SYSTEMPATH\Boot.php(68): CodeIgniter\Boot::runCodeIgniter(Object(CodeIgniter\CodeIgniter))
10 FCPATH\index.php(59): CodeIgniter\Boot::bootWeb(Object(Config\Paths))
11 SYSTEMPATH\rewrite.php(44): require_once('D:\\POLBAN\\Semester 3\\PROJEK3\\mission-2\\mission-2-fawwaz\\public\\index.php')
CRITICAL - 2025-08-30 19:24:24 --> ErrorException: Trying to access array offset on value of type null
[Method: GET, Route: detail]
in APPPATH\Views\detail-mahasiswa.php on line 10.
 1 APPPATH\Views\detail-mahasiswa.php(10): CodeIgniter\Debug\Exceptions->errorHandler(2, 'Trying to access array offset on value of type null', 'D:\\POLBAN\\Semester 3\\PROJEK3\\mission-2\\mission-2-fawwaz\\app\\Views\\detail-mahasiswa.php', 10)
 2 SYSTEMPATH\View\View.php(226): include('D:\\POLBAN\\Semester 3\\PROJEK3\\mission-2\\mission-2-fawwaz\\app\\Views\\detail-mahasiswa.php')
 3 SYSTEMPATH\View\View.php(229): CodeIgniter\View\View->CodeIgniter\View\{closure}()
 4 SYSTEMPATH\Common.php(1167): CodeIgniter\View\View->render('detail-mahasiswa', [], true)
 5 APPPATH\Controllers\Pages.php(65): view('detail-mahasiswa', [...])
 6 SYSTEMPATH\CodeIgniter.php(933): App\Controllers\Pages->detailMahasiswa()
 7 SYSTEMPATH\CodeIgniter.php(507): CodeIgniter\CodeIgniter->runController(Object(App\Controllers\Pages))
 8 SYSTEMPATH\CodeIgniter.php(354): CodeIgniter\CodeIgniter->handleRequest(null, Object(Config\Cache), false)
 9 SYSTEMPATH\Boot.php(363): CodeIgniter\CodeIgniter->run()
10 SYSTEMPATH\Boot.php(68): CodeIgniter\Boot::runCodeIgniter(Object(CodeIgniter\CodeIgniter))
11 FCPATH\index.php(59): CodeIgniter\Boot::bootWeb(Object(Config\Paths))
12 SYSTEMPATH\rewrite.php(44): require_once('D:\\POLBAN\\Semester 3\\PROJEK3\\mission-2\\mission-2-fawwaz\\public\\index.php')
CRITICAL - 2025-08-30 19:24:25 --> ErrorException: Trying to access array offset on value of type null
[Method: GET, Route: detail]
in APPPATH\Views\detail-mahasiswa.php on line 10.
 1 APPPATH\Views\detail-mahasiswa.php(10): CodeIgniter\Debug\Exceptions->errorHandler(2, 'Trying to access array offset on value of type null', 'D:\\POLBAN\\Semester 3\\PROJEK3\\mission-2\\mission-2-fawwaz\\app\\Views\\detail-mahasiswa.php', 10)
 2 SYSTEMPATH\View\View.php(226): include('D:\\POLBAN\\Semester 3\\PROJEK3\\mission-2\\mission-2-fawwaz\\app\\Views\\detail-mahasiswa.php')
 3 SYSTEMPATH\View\View.php(229): CodeIgniter\View\View->CodeIgniter\View\{closure}()
 4 SYSTEMPATH\Common.php(1167): CodeIgniter\View\View->render('detail-mahasiswa', [], true)
 5 APPPATH\Controllers\Pages.php(65): view('detail-mahasiswa', [...])
 6 SYSTEMPATH\CodeIgniter.php(933): App\Controllers\Pages->detailMahasiswa()
 7 SYSTEMPATH\CodeIgniter.php(507): CodeIgniter\CodeIgniter->runController(Object(App\Controllers\Pages))
 8 SYSTEMPATH\CodeIgniter.php(354): CodeIgniter\CodeIgniter->handleRequest(null, Object(Config\Cache), false)
 9 SYSTEMPATH\Boot.php(363): CodeIgniter\CodeIgniter->run()
10 SYSTEMPATH\Boot.php(68): CodeIgniter\Boot::runCodeIgniter(Object(CodeIgniter\CodeIgniter))
11 FCPATH\index.php(59): CodeIgniter\Boot::bootWeb(Object(Config\Paths))
12 SYSTEMPATH\rewrite.php(44): require_once('D:\\POLBAN\\Semester 3\\PROJEK3\\mission-2\\mission-2-fawwaz\\public\\index.php')
CRITICAL - 2025-08-30 19:28:18 --> ParseError: syntax error, unexpected token "}", expecting ";" or "{"
[Method: GET, Route: listmahasiswa]
in APPPATH\Controllers\Pages.php on line 69.
 1 VENDORPATH\composer\ClassLoader.php(427): Composer\Autoload\{closure}('D:\\POLBAN\\Semester 3\\PROJEK3\\mission-2\\mission-2-fawwaz\\vendor\\composer/../../app\\Controllers\\Pages.php')
 2 [internal function]: Composer\Autoload\ClassLoader->loadClass('App\\Controllers\\Pages')
 3 SYSTEMPATH\CodeIgniter.php(885): class_exists('\\App\\Controllers\\Pages', true)
 4 SYSTEMPATH\CodeIgniter.php(494): CodeIgniter\CodeIgniter->startController()
 5 SYSTEMPATH\CodeIgniter.php(354): CodeIgniter\CodeIgniter->handleRequest(null, Object(Config\Cache), false)
 6 SYSTEMPATH\Boot.php(363): CodeIgniter\CodeIgniter->run()
 7 SYSTEMPATH\Boot.php(68): CodeIgniter\Boot::runCodeIgniter(Object(CodeIgniter\CodeIgniter))
 8 FCPATH\index.php(59): CodeIgniter\Boot::bootWeb(Object(Config\Paths))
 9 SYSTEMPATH\rewrite.php(44): require_once('D:\\POLBAN\\Semester 3\\PROJEK3\\mission-2\\mission-2-fawwaz\\public\\index.php')
CRITICAL - 2025-08-30 19:28:20 --> ParseError: syntax error, unexpected token "}", expecting ";" or "{"
[Method: GET, Route: listmahasiswa]
in APPPATH\Controllers\Pages.php on line 69.
 1 VENDORPATH\composer\ClassLoader.php(427): Composer\Autoload\{closure}('D:\\POLBAN\\Semester 3\\PROJEK3\\mission-2\\mission-2-fawwaz\\vendor\\composer/../../app\\Controllers\\Pages.php')
 2 [internal function]: Composer\Autoload\ClassLoader->loadClass('App\\Controllers\\Pages')
 3 SYSTEMPATH\CodeIgniter.php(885): class_exists('\\App\\Controllers\\Pages', true)
 4 SYSTEMPATH\CodeIgniter.php(494): CodeIgniter\CodeIgniter->startController()
 5 SYSTEMPATH\CodeIgniter.php(354): CodeIgniter\CodeIgniter->handleRequest(null, Object(Config\Cache), false)
 6 SYSTEMPATH\Boot.php(363): CodeIgniter\CodeIgniter->run()
 7 SYSTEMPATH\Boot.php(68): CodeIgniter\Boot::runCodeIgniter(Object(CodeIgniter\CodeIgniter))
 8 FCPATH\index.php(59): CodeIgniter\Boot::bootWeb(Object(Config\Paths))
 9 SYSTEMPATH\rewrite.php(44): require_once('D:\\POLBAN\\Semester 3\\PROJEK3\\mission-2\\mission-2-fawwaz\\public\\index.php')
CRITICAL - 2025-08-30 19:28:21 --> ParseError: syntax error, unexpected token "}", expecting ";" or "{"
[Method: GET, Route: listmahasiswa]
in APPPATH\Controllers\Pages.php on line 69.
 1 VENDORPATH\composer\ClassLoader.php(427): Composer\Autoload\{closure}('D:\\POLBAN\\Semester 3\\PROJEK3\\mission-2\\mission-2-fawwaz\\vendor\\composer/../../app\\Controllers\\Pages.php')
 2 [internal function]: Composer\Autoload\ClassLoader->loadClass('App\\Controllers\\Pages')
 3 SYSTEMPATH\CodeIgniter.php(885): class_exists('\\App\\Controllers\\Pages', true)
 4 SYSTEMPATH\CodeIgniter.php(494): CodeIgniter\CodeIgniter->startController()
 5 SYSTEMPATH\CodeIgniter.php(354): CodeIgniter\CodeIgniter->handleRequest(null, Object(Config\Cache), false)
 6 SYSTEMPATH\Boot.php(363): CodeIgniter\CodeIgniter->run()
 7 SYSTEMPATH\Boot.php(68): CodeIgniter\Boot::runCodeIgniter(Object(CodeIgniter\CodeIgniter))
 8 FCPATH\index.php(59): CodeIgniter\Boot::bootWeb(Object(Config\Paths))
 9 SYSTEMPATH\rewrite.php(44): require_once('D:\\POLBAN\\Semester 3\\PROJEK3\\mission-2\\mission-2-fawwaz\\public\\index.php')
CRITICAL - 2025-08-30 19:33:20 --> ErrorException: Undefined variable $nim
[Method: GET, Route: detail]
in APPPATH\Controllers\Pages.php on line 61.
 1 APPPATH\Controllers\Pages.php(61): CodeIgniter\Debug\Exceptions->errorHandler(2, 'Undefined variable $nim', 'D:\\POLBAN\\Semester 3\\PROJEK3\\mission-2\\mission-2-fawwaz\\app\\Controllers\\Pages.php', 61)
 2 SYSTEMPATH\CodeIgniter.php(933): App\Controllers\Pages->detailMahasiswa()
 3 SYSTEMPATH\CodeIgniter.php(507): CodeIgniter\CodeIgniter->runController(Object(App\Controllers\Pages))
 4 SYSTEMPATH\CodeIgniter.php(354): CodeIgniter\CodeIgniter->handleRequest(null, Object(Config\Cache), false)
 5 SYSTEMPATH\Boot.php(363): CodeIgniter\CodeIgniter->run()
 6 SYSTEMPATH\Boot.php(68): CodeIgniter\Boot::runCodeIgniter(Object(CodeIgniter\CodeIgniter))
 7 FCPATH\index.php(59): CodeIgniter\Boot::bootWeb(Object(Config\Paths))
 8 SYSTEMPATH\rewrite.php(44): require_once('D:\\POLBAN\\Semester 3\\PROJEK3\\mission-2\\mission-2-fawwaz\\public\\index.php')
CRITICAL - 2025-08-30 19:33:26 --> ErrorException: Undefined variable $nim
[Method: GET, Route: detail]
in APPPATH\Controllers\Pages.php on line 61.
 1 APPPATH\Controllers\Pages.php(61): CodeIgniter\Debug\Exceptions->errorHandler(2, 'Undefined variable $nim', 'D:\\POLBAN\\Semester 3\\PROJEK3\\mission-2\\mission-2-fawwaz\\app\\Controllers\\Pages.php', 61)
 2 SYSTEMPATH\CodeIgniter.php(933): App\Controllers\Pages->detailMahasiswa()
 3 SYSTEMPATH\CodeIgniter.php(507): CodeIgniter\CodeIgniter->runController(Object(App\Controllers\Pages))
 4 SYSTEMPATH\CodeIgniter.php(354): CodeIgniter\CodeIgniter->handleRequest(null, Object(Config\Cache), false)
 5 SYSTEMPATH\Boot.php(363): CodeIgniter\CodeIgniter->run()
 6 SYSTEMPATH\Boot.php(68): CodeIgniter\Boot::runCodeIgniter(Object(CodeIgniter\CodeIgniter))
 7 FCPATH\index.php(59): CodeIgniter\Boot::bootWeb(Object(Config\Paths))
 8 SYSTEMPATH\rewrite.php(44): require_once('D:\\POLBAN\\Semester 3\\PROJEK3\\mission-2\\mission-2-fawwaz\\public\\index.php')
CRITICAL - 2025-08-30 19:34:24 --> ErrorException: Undefined variable $nim
[Method: GET, Route: detail]
in APPPATH\Controllers\Pages.php on line 61.
 1 APPPATH\Controllers\Pages.php(61): CodeIgniter\Debug\Exceptions->errorHandler(2, 'Undefined variable $nim', 'D:\\POLBAN\\Semester 3\\PROJEK3\\mission-2\\mission-2-fawwaz\\app\\Controllers\\Pages.php', 61)
 2 SYSTEMPATH\CodeIgniter.php(933): App\Controllers\Pages->detailMahasiswa()
 3 SYSTEMPATH\CodeIgniter.php(507): CodeIgniter\CodeIgniter->runController(Object(App\Controllers\Pages))
 4 SYSTEMPATH\CodeIgniter.php(354): CodeIgniter\CodeIgniter->handleRequest(null, Object(Config\Cache), false)
 5 SYSTEMPATH\Boot.php(363): CodeIgniter\CodeIgniter->run()
 6 SYSTEMPATH\Boot.php(68): CodeIgniter\Boot::runCodeIgniter(Object(CodeIgniter\CodeIgniter))
 7 FCPATH\index.php(59): CodeIgniter\Boot::bootWeb(Object(Config\Paths))
 8 SYSTEMPATH\rewrite.php(44): require_once('D:\\POLBAN\\Semester 3\\PROJEK3\\mission-2\\mission-2-fawwaz\\public\\index.php')
CRITICAL - 2025-08-30 19:34:26 --> ErrorException: Undefined variable $nim
[Method: GET, Route: detail]
in APPPATH\Controllers\Pages.php on line 61.
 1 APPPATH\Controllers\Pages.php(61): CodeIgniter\Debug\Exceptions->errorHandler(2, 'Undefined variable $nim', 'D:\\POLBAN\\Semester 3\\PROJEK3\\mission-2\\mission-2-fawwaz\\app\\Controllers\\Pages.php', 61)
 2 SYSTEMPATH\CodeIgniter.php(933): App\Controllers\Pages->detailMahasiswa()
 3 SYSTEMPATH\CodeIgniter.php(507): CodeIgniter\CodeIgniter->runController(Object(App\Controllers\Pages))
 4 SYSTEMPATH\CodeIgniter.php(354): CodeIgniter\CodeIgniter->handleRequest(null, Object(Config\Cache), false)
 5 SYSTEMPATH\Boot.php(363): CodeIgniter\CodeIgniter->run()
 6 SYSTEMPATH\Boot.php(68): CodeIgniter\Boot::runCodeIgniter(Object(CodeIgniter\CodeIgniter))
 7 FCPATH\index.php(59): CodeIgniter\Boot::bootWeb(Object(Config\Paths))
 8 SYSTEMPATH\rewrite.php(44): require_once('D:\\POLBAN\\Semester 3\\PROJEK3\\mission-2\\mission-2-fawwaz\\public\\index.php')
CRITICAL - 2025-08-30 19:34:27 --> ErrorException: Undefined variable $nim
[Method: GET, Route: detail]
in APPPATH\Controllers\Pages.php on line 61.
 1 APPPATH\Controllers\Pages.php(61): CodeIgniter\Debug\Exceptions->errorHandler(2, 'Undefined variable $nim', 'D:\\POLBAN\\Semester 3\\PROJEK3\\mission-2\\mission-2-fawwaz\\app\\Controllers\\Pages.php', 61)
 2 SYSTEMPATH\CodeIgniter.php(933): App\Controllers\Pages->detailMahasiswa()
 3 SYSTEMPATH\CodeIgniter.php(507): CodeIgniter\CodeIgniter->runController(Object(App\Controllers\Pages))
 4 SYSTEMPATH\CodeIgniter.php(354): CodeIgniter\CodeIgniter->handleRequest(null, Object(Config\Cache), false)
 5 SYSTEMPATH\Boot.php(363): CodeIgniter\CodeIgniter->run()
 6 SYSTEMPATH\Boot.php(68): CodeIgniter\Boot::runCodeIgniter(Object(CodeIgniter\CodeIgniter))
 7 FCPATH\index.php(59): CodeIgniter\Boot::bootWeb(Object(Config\Paths))
 8 SYSTEMPATH\rewrite.php(44): require_once('D:\\POLBAN\\Semester 3\\PROJEK3\\mission-2\\mission-2-fawwaz\\public\\index.php')
CRITICAL - 2025-08-30 19:34:29 --> ErrorException: Undefined variable $nim
[Method: GET, Route: detail]
in APPPATH\Controllers\Pages.php on line 61.
 1 APPPATH\Controllers\Pages.php(61): CodeIgniter\Debug\Exceptions->errorHandler(2, 'Undefined variable $nim', 'D:\\POLBAN\\Semester 3\\PROJEK3\\mission-2\\mission-2-fawwaz\\app\\Controllers\\Pages.php', 61)
 2 SYSTEMPATH\CodeIgniter.php(933): App\Controllers\Pages->detailMahasiswa()
 3 SYSTEMPATH\CodeIgniter.php(507): CodeIgniter\CodeIgniter->runController(Object(App\Controllers\Pages))
 4 SYSTEMPATH\CodeIgniter.php(354): CodeIgniter\CodeIgniter->handleRequest(null, Object(Config\Cache), false)
 5 SYSTEMPATH\Boot.php(363): CodeIgniter\CodeIgniter->run()
 6 SYSTEMPATH\Boot.php(68): CodeIgniter\Boot::runCodeIgniter(Object(CodeIgniter\CodeIgniter))
 7 FCPATH\index.php(59): CodeIgniter\Boot::bootWeb(Object(Config\Paths))
 8 SYSTEMPATH\rewrite.php(44): require_once('D:\\POLBAN\\Semester 3\\PROJEK3\\mission-2\\mission-2-fawwaz\\public\\index.php')
CRITICAL - 2025-08-30 19:37:19 --> ArgumentCountError: Too few arguments to function App\Controllers\Pages::detailMahasiswa(), 0 passed in D:\POLBAN\Semester 3\PROJEK3\mission-2\mission-2-fawwaz\vendor\codeigniter4\framework\system\CodeIgniter.php on line 933 and exactly 1 expected
[Method: GET, Route: detail]
in APPPATH\Controllers\Pages.php on line 57.
 1 SYSTEMPATH\CodeIgniter.php(933): App\Controllers\Pages->detailMahasiswa()
 2 SYSTEMPATH\CodeIgniter.php(507): CodeIgniter\CodeIgniter->runController(Object(App\Controllers\Pages))
 3 SYSTEMPATH\CodeIgniter.php(354): CodeIgniter\CodeIgniter->handleRequest(null, Object(Config\Cache), false)
 4 SYSTEMPATH\Boot.php(363): CodeIgniter\CodeIgniter->run()
 5 SYSTEMPATH\Boot.php(68): CodeIgniter\Boot::runCodeIgniter(Object(CodeIgniter\CodeIgniter))
 6 FCPATH\index.php(59): CodeIgniter\Boot::bootWeb(Object(Config\Paths))
 7 SYSTEMPATH\rewrite.php(44): require_once('D:\\POLBAN\\Semester 3\\PROJEK3\\mission-2\\mission-2-fawwaz\\public\\index.php')
CRITICAL - 2025-08-30 19:37:41 --> ArgumentCountError: Too few arguments to function App\Controllers\Pages::detailMahasiswa(), 0 passed in D:\POLBAN\Semester 3\PROJEK3\mission-2\mission-2-fawwaz\vendor\codeigniter4\framework\system\CodeIgniter.php on line 933 and exactly 1 expected
[Method: GET, Route: detail]
in APPPATH\Controllers\Pages.php on line 57.
 1 SYSTEMPATH\CodeIgniter.php(933): App\Controllers\Pages->detailMahasiswa()
 2 SYSTEMPATH\CodeIgniter.php(507): CodeIgniter\CodeIgniter->runController(Object(App\Controllers\Pages))
 3 SYSTEMPATH\CodeIgniter.php(354): CodeIgniter\CodeIgniter->handleRequest(null, Object(Config\Cache), false)
 4 SYSTEMPATH\Boot.php(363): CodeIgniter\CodeIgniter->run()
 5 SYSTEMPATH\Boot.php(68): CodeIgniter\Boot::runCodeIgniter(Object(CodeIgniter\CodeIgniter))
 6 FCPATH\index.php(59): CodeIgniter\Boot::bootWeb(Object(Config\Paths))
 7 SYSTEMPATH\rewrite.php(44): require_once('D:\\POLBAN\\Semester 3\\PROJEK3\\mission-2\\mission-2-fawwaz\\public\\index.php')
CRITICAL - 2025-08-30 19:37:43 --> ArgumentCountError: Too few arguments to function App\Controllers\Pages::detailMahasiswa(), 0 passed in D:\POLBAN\Semester 3\PROJEK3\mission-2\mission-2-fawwaz\vendor\codeigniter4\framework\system\CodeIgniter.php on line 933 and exactly 1 expected
[Method: GET, Route: detail]
in APPPATH\Controllers\Pages.php on line 57.
 1 SYSTEMPATH\CodeIgniter.php(933): App\Controllers\Pages->detailMahasiswa()
 2 SYSTEMPATH\CodeIgniter.php(507): CodeIgniter\CodeIgniter->runController(Object(App\Controllers\Pages))
 3 SYSTEMPATH\CodeIgniter.php(354): CodeIgniter\CodeIgniter->handleRequest(null, Object(Config\Cache), false)
 4 SYSTEMPATH\Boot.php(363): CodeIgniter\CodeIgniter->run()
 5 SYSTEMPATH\Boot.php(68): CodeIgniter\Boot::runCodeIgniter(Object(CodeIgniter\CodeIgniter))
 6 FCPATH\index.php(59): CodeIgniter\Boot::bootWeb(Object(Config\Paths))
 7 SYSTEMPATH\rewrite.php(44): require_once('D:\\POLBAN\\Semester 3\\PROJEK3\\mission-2\\mission-2-fawwaz\\public\\index.php')
CRITICAL - 2025-08-30 19:41:09 --> ArgumentCountError: Too few arguments to function App\Controllers\Pages::detailMahasiswa(), 0 passed in D:\POLBAN\Semester 3\PROJEK3\mission-2\mission-2-fawwaz\vendor\codeigniter4\framework\system\CodeIgniter.php on line 933 and exactly 1 expected
[Method: GET, Route: detail]
in APPPATH\Controllers\Pages.php on line 57.
 1 SYSTEMPATH\CodeIgniter.php(933): App\Controllers\Pages->detailMahasiswa()
 2 SYSTEMPATH\CodeIgniter.php(507): CodeIgniter\CodeIgniter->runController(Object(App\Controllers\Pages))
 3 SYSTEMPATH\CodeIgniter.php(354): CodeIgniter\CodeIgniter->handleRequest(null, Object(Config\Cache), false)
 4 SYSTEMPATH\Boot.php(363): CodeIgniter\CodeIgniter->run()
 5 SYSTEMPATH\Boot.php(68): CodeIgniter\Boot::runCodeIgniter(Object(CodeIgniter\CodeIgniter))
 6 FCPATH\index.php(59): CodeIgniter\Boot::bootWeb(Object(Config\Paths))
 7 SYSTEMPATH\rewrite.php(44): require_once('D:\\POLBAN\\Semester 3\\PROJEK3\\mission-2\\mission-2-fawwaz\\public\\index.php')
CRITICAL - 2025-08-30 19:41:10 --> ArgumentCountError: Too few arguments to function App\Controllers\Pages::detailMahasiswa(), 0 passed in D:\POLBAN\Semester 3\PROJEK3\mission-2\mission-2-fawwaz\vendor\codeigniter4\framework\system\CodeIgniter.php on line 933 and exactly 1 expected
[Method: GET, Route: detail]
in APPPATH\Controllers\Pages.php on line 57.
 1 SYSTEMPATH\CodeIgniter.php(933): App\Controllers\Pages->detailMahasiswa()
 2 SYSTEMPATH\CodeIgniter.php(507): CodeIgniter\CodeIgniter->runController(Object(App\Controllers\Pages))
 3 SYSTEMPATH\CodeIgniter.php(354): CodeIgniter\CodeIgniter->handleRequest(null, Object(Config\Cache), false)
 4 SYSTEMPATH\Boot.php(363): CodeIgniter\CodeIgniter->run()
 5 SYSTEMPATH\Boot.php(68): CodeIgniter\Boot::runCodeIgniter(Object(CodeIgniter\CodeIgniter))
 6 FCPATH\index.php(59): CodeIgniter\Boot::bootWeb(Object(Config\Paths))
 7 SYSTEMPATH\rewrite.php(44): require_once('D:\\POLBAN\\Semester 3\\PROJEK3\\mission-2\\mission-2-fawwaz\\public\\index.php')
CRITICAL - 2025-08-30 19:43:25 --> ArgumentCountError: Too few arguments to function App\Controllers\Pages::detailMahasiswa(), 0 passed in D:\POLBAN\Semester 3\PROJEK3\mission-2\mission-2-fawwaz\vendor\codeigniter4\framework\system\CodeIgniter.php on line 933 and exactly 1 expected
[Method: GET, Route: detail]
in APPPATH\Controllers\Pages.php on line 57.
 1 SYSTEMPATH\CodeIgniter.php(933): App\Controllers\Pages->detailMahasiswa()
 2 SYSTEMPATH\CodeIgniter.php(507): CodeIgniter\CodeIgniter->runController(Object(App\Controllers\Pages))
 3 SYSTEMPATH\CodeIgniter.php(354): CodeIgniter\CodeIgniter->handleRequest(null, Object(Config\Cache), false)
 4 SYSTEMPATH\Boot.php(363): CodeIgniter\CodeIgniter->run()
 5 SYSTEMPATH\Boot.php(68): CodeIgniter\Boot::runCodeIgniter(Object(CodeIgniter\CodeIgniter))
 6 FCPATH\index.php(59): CodeIgniter\Boot::bootWeb(Object(Config\Paths))
 7 SYSTEMPATH\rewrite.php(44): require_once('D:\\POLBAN\\Semester 3\\PROJEK3\\mission-2\\mission-2-fawwaz\\public\\index.php')
CRITICAL - 2025-08-30 19:43:26 --> ArgumentCountError: Too few arguments to function App\Controllers\Pages::detailMahasiswa(), 0 passed in D:\POLBAN\Semester 3\PROJEK3\mission-2\mission-2-fawwaz\vendor\codeigniter4\framework\system\CodeIgniter.php on line 933 and exactly 1 expected
[Method: GET, Route: detail]
in APPPATH\Controllers\Pages.php on line 57.
 1 SYSTEMPATH\CodeIgniter.php(933): App\Controllers\Pages->detailMahasiswa()
 2 SYSTEMPATH\CodeIgniter.php(507): CodeIgniter\CodeIgniter->runController(Object(App\Controllers\Pages))
 3 SYSTEMPATH\CodeIgniter.php(354): CodeIgniter\CodeIgniter->handleRequest(null, Object(Config\Cache), false)
 4 SYSTEMPATH\Boot.php(363): CodeIgniter\CodeIgniter->run()
 5 SYSTEMPATH\Boot.php(68): CodeIgniter\Boot::runCodeIgniter(Object(CodeIgniter\CodeIgniter))
 6 FCPATH\index.php(59): CodeIgniter\Boot::bootWeb(Object(Config\Paths))
 7 SYSTEMPATH\rewrite.php(44): require_once('D:\\POLBAN\\Semester 3\\PROJEK3\\mission-2\\mission-2-fawwaz\\public\\index.php')
CRITICAL - 2025-08-30 19:43:27 --> ArgumentCountError: Too few arguments to function App\Controllers\Pages::detailMahasiswa(), 0 passed in D:\POLBAN\Semester 3\PROJEK3\mission-2\mission-2-fawwaz\vendor\codeigniter4\framework\system\CodeIgniter.php on line 933 and exactly 1 expected
[Method: GET, Route: detail]
in APPPATH\Controllers\Pages.php on line 57.
 1 SYSTEMPATH\CodeIgniter.php(933): App\Controllers\Pages->detailMahasiswa()
 2 SYSTEMPATH\CodeIgniter.php(507): CodeIgniter\CodeIgniter->runController(Object(App\Controllers\Pages))
 3 SYSTEMPATH\CodeIgniter.php(354): CodeIgniter\CodeIgniter->handleRequest(null, Object(Config\Cache), false)
 4 SYSTEMPATH\Boot.php(363): CodeIgniter\CodeIgniter->run()
 5 SYSTEMPATH\Boot.php(68): CodeIgniter\Boot::runCodeIgniter(Object(CodeIgniter\CodeIgniter))
 6 FCPATH\index.php(59): CodeIgniter\Boot::bootWeb(Object(Config\Paths))
 7 SYSTEMPATH\rewrite.php(44): require_once('D:\\POLBAN\\Semester 3\\PROJEK3\\mission-2\\mission-2-fawwaz\\public\\index.php')
CRITICAL - 2025-08-30 19:49:33 --> ErrorException: Trying to access array offset on value of type null
[Method: GET, Route: detail/24151011]
in APPPATH\Views\detail-mahasiswa.php on line 10.
 1 APPPATH\Views\detail-mahasiswa.php(10): CodeIgniter\Debug\Exceptions->errorHandler(2, 'Trying to access array offset on value of type null', 'D:\\POLBAN\\Semester 3\\PROJEK3\\mission-2\\mission-2-fawwaz\\app\\Views\\detail-mahasiswa.php', 10)
 2 SYSTEMPATH\View\View.php(226): include('D:\\POLBAN\\Semester 3\\PROJEK3\\mission-2\\mission-2-fawwaz\\app\\Views\\detail-mahasiswa.php')
 3 SYSTEMPATH\View\View.php(229): CodeIgniter\View\View->CodeIgniter\View\{closure}()
 4 SYSTEMPATH\Common.php(1167): CodeIgniter\View\View->render('detail-mahasiswa', [], true)
 5 APPPATH\Controllers\Pages.php(61): view('detail-mahasiswa', [...])
 6 SYSTEMPATH\CodeIgniter.php(933): App\Controllers\Pages->detailMahasiswa('24151011')
 7 SYSTEMPATH\CodeIgniter.php(507): CodeIgniter\CodeIgniter->runController(Object(App\Controllers\Pages))
 8 SYSTEMPATH\CodeIgniter.php(354): CodeIgniter\CodeIgniter->handleRequest(null, Object(Config\Cache), false)
 9 SYSTEMPATH\Boot.php(363): CodeIgniter\CodeIgniter->run()
10 SYSTEMPATH\Boot.php(68): CodeIgniter\Boot::runCodeIgniter(Object(CodeIgniter\CodeIgniter))
11 FCPATH\index.php(59): CodeIgniter\Boot::bootWeb(Object(Config\Paths))
12 SYSTEMPATH\rewrite.php(44): require_once('D:\\POLBAN\\Semester 3\\PROJEK3\\mission-2\\mission-2-fawwaz\\public\\index.php')
CRITICAL - 2025-08-30 19:49:53 --> ErrorException: Trying to access array offset on value of type null
[Method: GET, Route: detail/24151011]
in APPPATH\Views\detail-mahasiswa.php on line 10.
 1 APPPATH\Views\detail-mahasiswa.php(10): CodeIgniter\Debug\Exceptions->errorHandler(2, 'Trying to access array offset on value of type null', 'D:\\POLBAN\\Semester 3\\PROJEK3\\mission-2\\mission-2-fawwaz\\app\\Views\\detail-mahasiswa.php', 10)
 2 SYSTEMPATH\View\View.php(226): include('D:\\POLBAN\\Semester 3\\PROJEK3\\mission-2\\mission-2-fawwaz\\app\\Views\\detail-mahasiswa.php')
 3 SYSTEMPATH\View\View.php(229): CodeIgniter\View\View->CodeIgniter\View\{closure}()
 4 SYSTEMPATH\Common.php(1167): CodeIgniter\View\View->render('detail-mahasiswa', [], true)
 5 APPPATH\Controllers\Pages.php(61): view('detail-mahasiswa', [...])
 6 SYSTEMPATH\CodeIgniter.php(933): App\Controllers\Pages->detailMahasiswa('24151011')
 7 SYSTEMPATH\CodeIgniter.php(507): CodeIgniter\CodeIgniter->runController(Object(App\Controllers\Pages))
 8 SYSTEMPATH\CodeIgniter.php(354): CodeIgniter\CodeIgniter->handleRequest(null, Object(Config\Cache), false)
 9 SYSTEMPATH\Boot.php(363): CodeIgniter\CodeIgniter->run()
10 SYSTEMPATH\Boot.php(68): CodeIgniter\Boot::runCodeIgniter(Object(CodeIgniter\CodeIgniter))
11 FCPATH\index.php(59): CodeIgniter\Boot::bootWeb(Object(Config\Paths))
12 SYSTEMPATH\rewrite.php(44): require_once('D:\\POLBAN\\Semester 3\\PROJEK3\\mission-2\\mission-2-fawwaz\\public\\index.php')
CRITICAL - 2025-08-30 19:50:51 --> CodeIgniter\HTTP\Exceptions\BadRequestException: The URI you submitted has disallowed characters: "<"
[Method: GET, Route: edit/%3C]
in SYSTEMPATH\Router\Router.php on line 741.
 1 SYSTEMPATH\Router\Router.php(207): CodeIgniter\Router\Router->checkDisallowedChars('edit/<')
 2 SYSTEMPATH\CodeIgniter.php(832): CodeIgniter\Router\Router->handle('edit/<')
 3 SYSTEMPATH\CodeIgniter.php(455): CodeIgniter\CodeIgniter->tryToRouteIt(Object(CodeIgniter\Router\RouteCollection))
 4 SYSTEMPATH\CodeIgniter.php(354): CodeIgniter\CodeIgniter->handleRequest(null, Object(Config\Cache), false)
 5 SYSTEMPATH\Boot.php(363): CodeIgniter\CodeIgniter->run()
 6 SYSTEMPATH\Boot.php(68): CodeIgniter\Boot::runCodeIgniter(Object(CodeIgniter\CodeIgniter))
 7 FCPATH\index.php(59): CodeIgniter\Boot::bootWeb(Object(Config\Paths))
 8 SYSTEMPATH\rewrite.php(44): require_once('D:\\POLBAN\\Semester 3\\PROJEK3\\mission-2\\mission-2-fawwaz\\public\\index.php')
